<?xml version="1.0" encoding="UTF-8"?>
<!-- Generated by org.testng.reporters.JUnitReportReporter -->
<testsuite hostname="iramtech-Vostro-3470" failures="0" tests="11" name="com.silvassaOfficer.testcases.SiteReports_Revenue_010" time="45.149" errors="0" timestamp="2024-08-01T15:38:52 IST" skipped="0">
  <testcase classname="com.silvassaOfficer.testcases.SiteReports_Revenue_010" name="login" time="5.050"/>
  <system-out/>
  <testcase classname="com.silvassaOfficer.testcases.SiteReports_Revenue_010" name="clickon_Menu" time="10.224"/>
  <system-out/>
  <testcase classname="com.silvassaOfficer.testcases.SiteReports_Revenue_010" name="clickon_SiteReports_Page" time="3.668"/>
  <system-out/>
  <testcase classname="com.silvassaOfficer.testcases.SiteReports_Revenue_010" name="clickOn_SitesDropDownList" time="7.790"/>
  <system-out/>
  <testcase classname="com.silvassaOfficer.testcases.SiteReports_Revenue_010" name="click1D_Button" time="2.807"/>
  <system-out/>
  <testcase classname="com.silvassaOfficer.testcases.SiteReports_Revenue_010" name="click1W_Button" time="2.772"/>
  <system-out/>
  <testcase classname="com.silvassaOfficer.testcases.SiteReports_Revenue_010" name="click1M_Button" time="2.976"/>
  <system-out/>
  <testcase classname="com.silvassaOfficer.testcases.SiteReports_Revenue_010" name="click_SiteReports_ViewDetails" time="2.387"/>
  <system-out/>
  <testcase classname="com.silvassaOfficer.testcases.SiteReports_Revenue_010" name="click_SiteReports_ViewDetails_Csv" time="2.537"/>
  <system-out/>
  <testcase classname="com.silvassaOfficer.testcases.SiteReports_Revenue_010" name="click_SiteReports_ViewDetails_Pdf" time="2.490"/>
  <system-out/>
  <testcase classname="com.silvassaOfficer.testcases.SiteReports_Revenue_010" name="click_SiteReports_ViewDetails_Close" time="2.448"/>
  <system-out/>
</testsuite> <!-- com.silvassaOfficer.testcases.SiteReports_Revenue_010 -->
