<?xml version="1.0" encoding="UTF-8"?>
<!-- Generated by org.testng.reporters.JUnitReportReporter -->
<testsuite hostname="iramtech-Vostro-3470" failures="0" tests="2" name="com.silvassaOfficer.testcases.LaunchApp" time="8.393" errors="0" timestamp="2024-08-14T14:46:42 IST" skipped="0">
  <testcase classname="com.silvassaOfficer.testcases.LaunchApp" name="officer_App" time="3.511"/>
  <system-out/>
  <testcase classname="com.silvassaOfficer.testcases.LaunchApp" name="clickon_LoginButton" time="4.882"/>
  <system-out/>
</testsuite> <!-- com.silvassaOfficer.testcases.LaunchApp -->
