<?xml version="1.0" encoding="UTF-8"?>
<!-- Generated by org.testng.reporters.JUnitReportReporter -->
<testsuite hostname="iramtech-Vostro-3470" failures="0" tests="3" name="com.silvassaOfficer.testcases.TC_DashboardAlerts_005" time="19.718" errors="0" timestamp="2024-08-14T16:17:30 IST" skipped="0">
  <testcase classname="com.silvassaOfficer.testcases.TC_DashboardAlerts_005" name="click_DeviceStatus" time="6.005"/>
  <system-out/>
  <testcase classname="com.silvassaOfficer.testcases.TC_DashboardAlerts_005" name="get_DeviceStatusData" time="3.339"/>
  <system-out/>
  <testcase classname="com.silvassaOfficer.testcases.TC_DashboardAlerts_005" name="deviceStatus_Scroll" time="10.374"/>
  <system-out/>
</testsuite> <!-- com.silvassaOfficer.testcases.TC_DashboardAlerts_005 -->
