<?xml version="1.0" encoding="UTF-8"?>
<!-- Generated by org.testng.reporters.JUnitReportReporter -->
<testsuite hostname="iramtech-Vostro-3470" failures="0" tests="2" name="com.silvassaOfficer.testcases.TC_Dashboard_Occupancy_002" time="11.486" errors="0" timestamp="2024-08-14T16:17:30 IST" skipped="0">
  <testcase classname="com.silvassaOfficer.testcases.TC_Dashboard_Occupancy_002" name="clickon_AvgOccupancy" time="4.099"/>
  <system-out/>
  <testcase classname="com.silvassaOfficer.testcases.TC_Dashboard_Occupancy_002" name="get_AvgOccupancyData" time="7.387"/>
  <system-out/>
</testsuite> <!-- com.silvassaOfficer.testcases.TC_Dashboard_Occupancy_002 -->
