<?xml version="1.0" encoding="UTF-8"?>
<!-- Generated by org.testng.reporters.JUnitReportReporter -->
<testsuite hostname="iramtech-Vostro-3470" failures="0" tests="5" name="com.silvassaOfficer.testcases.AttenderLiveSessions_024" time="30.204" errors="0" timestamp="2024-08-01T15:38:52 IST" skipped="0">
  <testcase classname="com.silvassaOfficer.testcases.AttenderLiveSessions_024" name="login" time="5.072"/>
  <system-out/>
  <testcase classname="com.silvassaOfficer.testcases.AttenderLiveSessions_024" name="clickon_Menu_UserLog" time="8.447"/>
  <system-out/>
  <testcase classname="com.silvassaOfficer.testcases.AttenderLiveSessions_024" name="clickon_Menu_UserLog_AttenderLiveSessions" time="2.999"/>
  <system-out/>
  <testcase classname="com.silvassaOfficer.testcases.AttenderLiveSessions_024" name="clickOn_SitesDropDownList" time="7.217"/>
  <system-out/>
  <testcase classname="com.silvassaOfficer.testcases.AttenderLiveSessions_024" name="click_ShowEntries" time="6.469"/>
  <system-out/>
</testsuite> <!-- com.silvassaOfficer.testcases.AttenderLiveSessions_024 -->
