<?xml version="1.0" encoding="UTF-8"?>
<!-- Generated by org.testng.reporters.JUnitReportReporter -->
<testsuite hostname="iramtech-Vostro-3470" failures="0" tests="12" name="com.silvassaOfficer.testcases.POSReports_Trans_008" time="58.867" errors="0" timestamp="2024-08-01T15:38:52 IST" skipped="0">
  <testcase classname="com.silvassaOfficer.testcases.POSReports_Trans_008" name="clickon_POSTransactions" time="12.600"/>
  <system-out/>
  <testcase classname="com.silvassaOfficer.testcases.POSReports_Trans_008" name="clickOn_POSDropDownList" time="9.986"/>
  <system-out/>
  <testcase classname="com.silvassaOfficer.testcases.POSReports_Trans_008" name="click1D_Button" time="2.404"/>
  <system-out/>
  <testcase classname="com.silvassaOfficer.testcases.POSReports_Trans_008" name="click1W_Button" time="2.398"/>
  <system-out/>
  <testcase classname="com.silvassaOfficer.testcases.POSReports_Trans_008" name="click1M_Button" time="2.949"/>
  <system-out/>
  <testcase classname="com.silvassaOfficer.testcases.POSReports_Trans_008" name="click_TransType" time="3.368"/>
  <system-out/>
  <testcase classname="com.silvassaOfficer.testcases.POSReports_Trans_008" name="select_EntryTransaction" time="3.481"/>
  <system-out/>
  <testcase classname="com.silvassaOfficer.testcases.POSReports_Trans_008" name="select_VehicleType" time="4.411"/>
  <system-out/>
  <testcase classname="com.silvassaOfficer.testcases.POSReports_Trans_008" name="select_TWO_VehicleType" time="4.487"/>
  <system-out/>
  <testcase classname="com.silvassaOfficer.testcases.POSReports_Trans_008" name="clickon_SubmitButton" time="3.898"/>
  <system-out/>
  <testcase classname="com.silvassaOfficer.testcases.POSReports_Trans_008" name="select_ExitTransaction" time="4.401"/>
  <system-out/>
  <testcase classname="com.silvassaOfficer.testcases.POSReports_Trans_008" name="againClickon_SubmitButton" time="4.484"/>
  <system-out/>
</testsuite> <!-- com.silvassaOfficer.testcases.POSReports_Trans_008 -->
