<?xml version="1.0" encoding="UTF-8"?>
<!-- Generated by org.testng.reporters.JUnitReportReporter -->
<testsuite hostname="iramtech-Vostro-3470" failures="0" tests="5" name="com.silvassaOfficer.testcases.SiteStatus_018" time="50.753" errors="0" timestamp="2024-08-01T15:38:52 IST" skipped="0">
  <testcase classname="com.silvassaOfficer.testcases.SiteStatus_018" name="login" time="5.069"/>
  <system-out/>
  <testcase classname="com.silvassaOfficer.testcases.SiteStatus_018" name="clickon_Menu_LiveInfo" time="10.507"/>
  <system-out/>
  <testcase classname="com.silvassaOfficer.testcases.SiteStatus_018" name="siteStatus_ZoomIn" time="3.908"/>
  <system-out/>
  <testcase classname="com.silvassaOfficer.testcases.SiteStatus_018" name="siteStatus_ZoomOut" time="3.634"/>
  <system-out/>
  <testcase classname="com.silvassaOfficer.testcases.SiteStatus_018" name="hover_SiteLocationsMap" time="27.635"/>
  <system-out/>
</testsuite> <!-- com.silvassaOfficer.testcases.SiteStatus_018 -->
