<?xml version="1.0" encoding="UTF-8"?>
<!-- Generated by org.testng.reporters.JUnitReportReporter -->
<testsuite hostname="iramtech-Vostro-3470" failures="0" tests="4" name="com.silvassaOfficer.testcases.About_026" time="17.656" errors="0" timestamp="2024-08-01T15:38:52 IST" skipped="0">
  <testcase classname="com.silvassaOfficer.testcases.About_026" name="login" time="5.065"/>
  <system-out/>
  <testcase classname="com.silvassaOfficer.testcases.About_026" name="clickon_Menu_FeedbackComplaint" time="8.423"/>
  <system-out/>
  <testcase classname="com.silvassaOfficer.testcases.About_026" name="aboutPage_ApplicationName" time="3.254"/>
  <system-out/>
  <testcase classname="com.silvassaOfficer.testcases.About_026" name="testProductDetails" time="0.914"/>
  <system-out/>
</testsuite> <!-- com.silvassaOfficer.testcases.About_026 -->
