<?xml version="1.0" encoding="UTF-8"?>
<!-- Generated by org.testng.reporters.JUnitReportReporter -->
<testsuite hostname="iramtech-Vostro-3470" failures="0" tests="10" name="com.silvassaOfficer.testcases.SiteAnalytics_Duration_013" time="114.233" errors="0" timestamp="2024-08-14T14:46:42 IST" skipped="0">
  <testcase classname="com.silvassaOfficer.testcases.SiteAnalytics_Duration_013" name="verify_Title" time="4.516"/>
  <system-out/>
  <testcase classname="com.silvassaOfficer.testcases.SiteAnalytics_Duration_013" name="login" time="3.694"/>
  <system-out/>
  <testcase classname="com.silvassaOfficer.testcases.SiteAnalytics_Duration_013" name="clickon_Menu" time="9.204"/>
  <system-out/>
  <testcase classname="com.silvassaOfficer.testcases.SiteAnalytics_Duration_013" name="clickon_SiteAnalytics_Page" time="3.589"/>
  <system-out/>
  <testcase classname="com.silvassaOfficer.testcases.SiteAnalytics_Duration_013" name="clickOn_SitesDropDownList" time="7.563"/>
  <system-out/>
  <testcase classname="com.silvassaOfficer.testcases.SiteAnalytics_Duration_013" name="click1D_Button_Duration" time="17.137"/>
  <system-out/>
  <testcase classname="com.silvassaOfficer.testcases.SiteAnalytics_Duration_013" name="click1W_Button_Duration" time="17.134"/>
  <system-out/>
  <testcase classname="com.silvassaOfficer.testcases.SiteAnalytics_Duration_013" name="click1M_Button_Duration" time="17.147"/>
  <system-out/>
  <testcase classname="com.silvassaOfficer.testcases.SiteAnalytics_Duration_013" name="click_Analytics_4Wheeler" time="17.121"/>
  <system-out/>
  <testcase classname="com.silvassaOfficer.testcases.SiteAnalytics_Duration_013" name="click_Analytics_2Wheeler" time="17.128"/>
  <system-out/>
</testsuite> <!-- com.silvassaOfficer.testcases.SiteAnalytics_Duration_013 -->
