<?xml version="1.0" encoding="UTF-8"?>
<!-- Generated by org.testng.reporters.JUnitReportReporter -->
<testsuite hostname="iramtech-Vostro-3470" failures="0" tests="4" name="com.silvassaOfficer.testcases.POSReports_Attender_009" time="19.214" errors="0" timestamp="2024-08-01T15:38:52 IST" skipped="0">
  <testcase classname="com.silvassaOfficer.testcases.POSReports_Attender_009" name="clickon_POSTransactions" time="7.726"/>
  <system-out/>
  <testcase classname="com.silvassaOfficer.testcases.POSReports_Attender_009" name="click1D_Button" time="5.641"/>
  <system-out/>
  <testcase classname="com.silvassaOfficer.testcases.POSReports_Attender_009" name="click1W_Button" time="2.929"/>
  <system-out/>
  <testcase classname="com.silvassaOfficer.testcases.POSReports_Attender_009" name="click1M_Button" time="2.918"/>
  <system-out/>
</testsuite> <!-- com.silvassaOfficer.testcases.POSReports_Attender_009 -->
