<?xml version="1.0" encoding="UTF-8"?>
<!-- Generated by org.testng.reporters.JUnitReportReporter -->
<testsuite hostname="iramtech-Vostro-3470" failures="1" tests="11" name="com.silvassaOfficer.testcases.FeedbackComplaint_025" time="160.585" errors="0" timestamp="2024-08-01T17:14:51 IST" skipped="0">
  <testcase classname="com.silvassaOfficer.testcases.FeedbackComplaint_025" name="tearDownClass" time="15.150">
    <failure message="Failed to Logout from the application:An element could not be located on the page using the given search parameters.
For documentation on this error, please visit: https://selenium.dev/exceptions/#no_such_element
Build info: version: &#039;4.9.1&#039;, revision: &#039;eb2032df7f&#039;
System info: os.name: &#039;Linux&#039;, os.arch: &#039;amd64&#039;, os.version: &#039;6.5.0-28-generic&#039;, java.version: &#039;18.0.2-ea&#039;
Driver info: io.appium.java_client.android.AndroidDriver
Command: [2bcc8f26-c516-4103-9022-b6ae4d4047c1, findElement {using=xpath, value=//android.widget.Button[@text=&#039;User Name&#039;]}]
Capabilities {appium:appActivity: com.iramtech.silvassa_offic..., appium:appPackage: com.iramtech.silvassa_officer, appium:automationName: UiAutomator2, appium:databaseEnabled: false, appium:desired: {appActivity: com.iramtech.silvassa_offic..., appPackage: com.iramtech.silvassa_officer, automationName: UiAutomator2, deviceName: moto e13 , noReset: true, platformName: ANDROID, platformVersion: 13.0, testOnly: false}, appium:deviceApiLevel: 33, appium:deviceManufacturer: motorola, appium:deviceModel: moto e13, appium:deviceName: ZD22293992, appium:deviceScreenDensity: 280, appium:deviceScreenSize: 720x1600, appium:deviceUDID: ZD22293992, appium:javascriptEnabled: true, appium:locationContextEnabled: false, appium:networkConnectionEnabled: true, appium:noReset: true, appium:pixelRatio: 1.75, appium:platformVersion: 13, appium:statBarHeight: 42, appium:takesScreenshot: true, appium:testOnly: false, appium:viewportRect: {height: 1558, left: 0, top: 42, width: 720}, appium:warnings: {}, appium:webStorageEnabled: false, platformName: ANDROID}
Session ID: 2bcc8f26-c516-4103-9022-b6ae4d4047c1 expected [true] but found [false]" type="java.lang.AssertionError">
      <![CDATA[java.lang.AssertionError: Failed to Logout from the application:An element could not be located on the page using the given search parameters.
For documentation on this error, please visit: https://selenium.dev/exceptions/#no_such_element
Build info: version: '4.9.1', revision: 'eb2032df7f'
System info: os.name: 'Linux', os.arch: 'amd64', os.version: '6.5.0-28-generic', java.version: '18.0.2-ea'
Driver info: io.appium.java_client.android.AndroidDriver
Command: [2bcc8f26-c516-4103-9022-b6ae4d4047c1, findElement {using=xpath, value=//android.widget.Button[@text='User Name']}]
Capabilities {appium:appActivity: com.iramtech.silvassa_offic..., appium:appPackage: com.iramtech.silvassa_officer, appium:automationName: UiAutomator2, appium:databaseEnabled: false, appium:desired: {appActivity: com.iramtech.silvassa_offic..., appPackage: com.iramtech.silvassa_officer, automationName: UiAutomator2, deviceName: moto e13 , noReset: true, platformName: ANDROID, platformVersion: 13.0, testOnly: false}, appium:deviceApiLevel: 33, appium:deviceManufacturer: motorola, appium:deviceModel: moto e13, appium:deviceName: ZD22293992, appium:deviceScreenDensity: 280, appium:deviceScreenSize: 720x1600, appium:deviceUDID: ZD22293992, appium:javascriptEnabled: true, appium:locationContextEnabled: false, appium:networkConnectionEnabled: true, appium:noReset: true, appium:pixelRatio: 1.75, appium:platformVersion: 13, appium:statBarHeight: 42, appium:takesScreenshot: true, appium:testOnly: false, appium:viewportRect: {height: 1558, left: 0, top: 42, width: 720}, appium:warnings: {}, appium:webStorageEnabled: false, platformName: ANDROID}
Session ID: 2bcc8f26-c516-4103-9022-b6ae4d4047c1 expected [true] but found [false]
at org.testng.Assert.fail(Assert.java:110)
at org.testng.Assert.failNotEquals(Assert.java:1413)
at org.testng.Assert.assertTrue(Assert.java:56)
at com.silvassaOfficer.testcases.Basetest.tearDownClass(BaseTest.java:131)
at com.silvassaOfficer.testcases.TC_LoginTest_001.tearDownClass(TC_LoginTest_001.java:13)
at java.base/jdk.internal.reflect.DirectMethodHandleAccessor.invoke(DirectMethodHandleAccessor.java:104)
at java.base/java.lang.reflect.Method.invoke(Method.java:577)
at org.testng.internal.invokers.MethodInvocationHelper.invokeMethod(MethodInvocationHelper.java:139)
at org.testng.internal.invokers.MethodInvocationHelper.invokeMethodConsideringTimeout(MethodInvocationHelper.java:69)
at org.testng.internal.invokers.ConfigInvoker.invokeConfigurationMethod(ConfigInvoker.java:361)
at org.testng.internal.invokers.ConfigInvoker.invokeConfigurations(ConfigInvoker.java:296)
at org.testng.internal.invokers.TestMethodWorker.invokeAfterClassMethods(TestMethodWorker.java:222)
at org.testng.internal.invokers.TestMethodWorker.run(TestMethodWorker.java:131)
at java.base/java.util.ArrayList.forEach(ArrayList.java:1511)
at org.testng.TestRunner.privateRun(TestRunner.java:806)
at org.testng.TestRunner.run(TestRunner.java:601)
at org.testng.SuiteRunner.runTest(SuiteRunner.java:433)
at org.testng.SuiteRunner.runSequentially(SuiteRunner.java:427)
at org.testng.SuiteRunner.privateRun(SuiteRunner.java:387)
at org.testng.SuiteRunner.run(SuiteRunner.java:330)
at org.testng.SuiteRunnerWorker.runSuite(SuiteRunnerWorker.java:52)
at org.testng.SuiteRunnerWorker.run(SuiteRunnerWorker.java:95)
at org.testng.TestNG.runSuitesSequentially(TestNG.java:1256)
at org.testng.TestNG.runSuitesLocally(TestNG.java:1176)
at org.testng.TestNG.runSuites(TestNG.java:1099)
at org.testng.TestNG.run(TestNG.java:1067)
at org.apache.maven.surefire.testng.TestNGExecutor.run(TestNGExecutor.java:151)
at org.apache.maven.surefire.testng.TestNGDirectoryTestSuite.executeSingleClass(TestNGDirectoryTestSuite.java:111)
at org.apache.maven.surefire.testng.TestNGDirectoryTestSuite.execute(TestNGDirectoryTestSuite.java:98)
at org.apache.maven.surefire.testng.TestNGProvider.invoke(TestNGProvider.java:155)
at org.apache.maven.surefire.booter.ForkedBooter.runSuitesInProcess(ForkedBooter.java:456)
at org.apache.maven.surefire.booter.ForkedBooter.execute(ForkedBooter.java:169)
at org.apache.maven.surefire.booter.ForkedBooter.run(ForkedBooter.java:595)
at org.apache.maven.surefire.booter.ForkedBooter.main(ForkedBooter.java:581)
]]>
    </failure>
  </testcase> <!-- tearDownClass -->
  <system-out/>
  <testcase classname="com.silvassaOfficer.testcases.FeedbackComplaint_025" name="verify_Title" time="5.141"/>
  <system-out/>
  <testcase classname="com.silvassaOfficer.testcases.FeedbackComplaint_025" name="login" time="3.881"/>
  <system-out/>
  <testcase classname="com.silvassaOfficer.testcases.FeedbackComplaint_025" name="clickon_Menu_FeedbackComplaint" time="9.482"/>
  <system-out/>
  <testcase classname="com.silvassaOfficer.testcases.FeedbackComplaint_025" name="clickOn_SitesDropDownList" time="22.148"/>
  <system-out/>
  <testcase classname="com.silvassaOfficer.testcases.FeedbackComplaint_025" name="click1D_Button" time="10.373"/>
  <system-out/>
  <testcase classname="com.silvassaOfficer.testcases.FeedbackComplaint_025" name="click1W_Button" time="12.349"/>
  <system-out/>
  <testcase classname="com.silvassaOfficer.testcases.FeedbackComplaint_025" name="click1M_Button" time="15.507"/>
  <system-out/>
  <testcase classname="com.silvassaOfficer.testcases.FeedbackComplaint_025" name="click_ShowEntries" time="13.345"/>
  <system-out/>
  <testcase classname="com.silvassaOfficer.testcases.FeedbackComplaint_025" name="click_ComplaintTab" time="15.375"/>
  <system-out/>
  <testcase classname="com.silvassaOfficer.testcases.FeedbackComplaint_025" name="clickon_Complaint_Calender" time="37.834"/>
  <system-out/>
</testsuite> <!-- com.silvassaOfficer.testcases.FeedbackComplaint_025 -->
