<?xml version="1.0" encoding="UTF-8"?>
<!-- Generated by org.testng.reporters.JUnitReportReporter -->
<testsuite hostname="iramtech-Vostro-3470" failures="0" tests="2" name="com.silvassaOfficer.testcases.SiteReports_Device_011" time="17.718" errors="0" timestamp="2024-08-01T15:38:52 IST" skipped="0">
  <testcase classname="com.silvassaOfficer.testcases.SiteReports_Device_011" name="click_SiteReports_DeviceStatus" time="4.467"/>
  <system-out/>
  <testcase classname="com.silvassaOfficer.testcases.SiteReports_Device_011" name="click_ShowEntries" time="13.251"/>
  <system-out/>
</testsuite> <!-- com.silvassaOfficer.testcases.SiteReports_Device_011 -->
