<?xml version="1.0" encoding="UTF-8"?>
<!-- Generated by org.testng.reporters.JUnitReportReporter -->
<testsuite hostname="iramtech-Vostro-3470" failures="0" tests="11" name="com.silvassaOfficer.testcases.Audit_PosDevice_017" time="51.205" errors="0" timestamp="2024-08-01T15:38:52 IST" skipped="0">
  <testcase classname="com.silvassaOfficer.testcases.Audit_PosDevice_017" name="click_SiteReports_DeviceStatus" time="3.733"/>
  <system-out/>
  <testcase classname="com.silvassaOfficer.testcases.Audit_PosDevice_017" name="click1D_Button_AuditPOS" time="2.466"/>
  <system-out/>
  <testcase classname="com.silvassaOfficer.testcases.Audit_PosDevice_017" name="click1W_Button_AuditPOS" time="2.433"/>
  <system-out/>
  <testcase classname="com.silvassaOfficer.testcases.Audit_PosDevice_017" name="click1M_Button_AuditPOS" time="2.434"/>
  <system-out/>
  <testcase classname="com.silvassaOfficer.testcases.Audit_PosDevice_017" name="clickOn_StatusType_ToSelect_Entry" time="6.527"/>
  <system-out/>
  <testcase classname="com.silvassaOfficer.testcases.Audit_PosDevice_017" name="select_EntryType" time="6.130"/>
  <system-out/>
  <testcase classname="com.silvassaOfficer.testcases.Audit_PosDevice_017" name="clickOn_StatusType_ToSelect_Exit" time="6.767"/>
  <system-out/>
  <testcase classname="com.silvassaOfficer.testcases.Audit_PosDevice_017" name="select_ExitType" time="6.177"/>
  <system-out/>
  <testcase classname="com.silvassaOfficer.testcases.Audit_PosDevice_017" name="clickOn_StatusType_ToSelect_Manintenance" time="6.488"/>
  <system-out/>
  <testcase classname="com.silvassaOfficer.testcases.Audit_PosDevice_017" name="select_MaintenanceType" time="5.867"/>
  <system-out/>
  <testcase classname="com.silvassaOfficer.testcases.Audit_PosDevice_017" name="scroll_Thepage" time="2.183"/>
  <system-out/>
</testsuite> <!-- com.silvassaOfficer.testcases.Audit_PosDevice_017 -->
