<?xml version="1.0" encoding="UTF-8"?>
<!-- Generated by org.testng.reporters.JUnitReportReporter -->
<testsuite hostname="iramtech-Vostro-3470" failures="0" tests="5" name="com.silvassaOfficer.testcases.TC_DashboardSites_003" time="26.168" errors="0" timestamp="2024-08-14T16:17:30 IST" skipped="0">
  <testcase classname="com.silvassaOfficer.testcases.TC_DashboardSites_003" name="clickon_ParkingSites" time="3.974"/>
  <system-out/>
  <testcase classname="com.silvassaOfficer.testcases.TC_DashboardSites_003" name="get_ParkingSitesData" time="3.340"/>
  <system-out/>
  <testcase classname="com.silvassaOfficer.testcases.TC_DashboardSites_003" name="parkingSites_Scroll" time="6.830"/>
  <system-out/>
  <testcase classname="com.silvassaOfficer.testcases.TC_DashboardSites_003" name="print_AllSiteNames" time="5.416"/>
  <system-out/>
  <testcase classname="com.silvassaOfficer.testcases.TC_DashboardSites_003" name="parkingSites_ScrollUp" time="6.608"/>
  <system-out/>
</testsuite> <!-- com.silvassaOfficer.testcases.TC_DashboardSites_003 -->
