<?xml version="1.0" encoding="UTF-8"?>
<!-- Generated by org.testng.reporters.JUnitReportReporter -->
<testsuite hostname="iramtech-Vostro-3470" failures="0" tests="7" name="com.silvassaOfficer.testcases.Alarms_Notifications_022" time="52.273" errors="0" timestamp="2024-08-01T15:38:52 IST" skipped="0">
  <testcase classname="com.silvassaOfficer.testcases.Alarms_Notifications_022" name="login" time="18.421"/>
  <system-out/>
  <testcase classname="com.silvassaOfficer.testcases.Alarms_Notifications_022" name="clickon_Menu_Alarms_DeviceAlerts" time="6.022"/>
  <system-out/>
  <testcase classname="com.silvassaOfficer.testcases.Alarms_Notifications_022" name="clickon_Alarms_ManualAlerts" time="5.611"/>
  <system-out/>
  <testcase classname="com.silvassaOfficer.testcases.Alarms_Notifications_022" name="clickon_Alarms_VehicleOTAlerts_SelectVehicleType" time="5.846"/>
  <system-out/>
  <testcase classname="com.silvassaOfficer.testcases.Alarms_Notifications_022" name="clickon_Alarms_VehicleOTAlerts" time="5.473"/>
  <system-out/>
  <testcase classname="com.silvassaOfficer.testcases.Alarms_Notifications_022" name="clickon_Alarms_TransactionAlert" time="5.418"/>
  <system-out/>
  <testcase classname="com.silvassaOfficer.testcases.Alarms_Notifications_022" name="clickon_Alarms_PosAlert" time="5.482"/>
  <system-out/>
</testsuite> <!-- com.silvassaOfficer.testcases.Alarms_Notifications_022 -->
