<?xml version="1.0" encoding="UTF-8"?>
<!-- Generated by org.testng.reporters.JUnitReportReporter -->
<testsuite hostname="iramtech-Vostro-3470" failures="0" tests="4" name="com.silvassaOfficer.testcases.SiteAnalytics_TransFreq_014" time="48.514" errors="0" timestamp="2024-08-14T14:46:42 IST" skipped="0">
  <testcase classname="com.silvassaOfficer.testcases.SiteAnalytics_TransFreq_014" name="click_Analytics_TransactionFreqTab" time="12.138"/>
  <system-out/>
  <testcase classname="com.silvassaOfficer.testcases.SiteAnalytics_TransFreq_014" name="click1W_Button_Freq" time="12.126"/>
  <system-out/>
  <testcase classname="com.silvassaOfficer.testcases.SiteAnalytics_TransFreq_014" name="click1M_Button_Freq" time="12.112"/>
  <system-out/>
  <testcase classname="com.silvassaOfficer.testcases.SiteAnalytics_TransFreq_014" name="click3M_Button_Freq" time="12.138"/>
  <system-out/>
</testsuite> <!-- com.silvassaOfficer.testcases.SiteAnalytics_TransFreq_014 -->
