<?xml version="1.0" encoding="UTF-8"?>
<!-- Generated by org.testng.reporters.JUnitReportReporter -->
<testsuite hostname="iramtech-Vostro-3470" failures="0" tests="15" name="com.silvassaOfficer.testcases.ActivityLogs_023" time="69.453" errors="0" timestamp="2024-08-01T15:38:52 IST" skipped="0">
  <testcase classname="com.silvassaOfficer.testcases.ActivityLogs_023" name="login" time="5.116"/>
  <system-out/>
  <testcase classname="com.silvassaOfficer.testcases.ActivityLogs_023" name="clickon_Menu_UserLog" time="8.986"/>
  <system-out/>
  <testcase classname="com.silvassaOfficer.testcases.ActivityLogs_023" name="clickon_Menu_UserLog_ActivityLogs" time="2.753"/>
  <system-out/>
  <testcase classname="com.silvassaOfficer.testcases.ActivityLogs_023" name="clickon_ActivityLogs_SelectRole" time="4.889"/>
  <system-out/>
  <testcase classname="com.silvassaOfficer.testcases.ActivityLogs_023" name="clickon_ActivityLogs_SelectAdminRole" time="3.210"/>
  <system-out/>
  <testcase classname="com.silvassaOfficer.testcases.ActivityLogs_023" name="clickon_ActivityLogs_SelectUser" time="4.257"/>
  <system-out/>
  <testcase classname="com.silvassaOfficer.testcases.ActivityLogs_023" name="clickon_ActivityLogs_SilvassaUser" time="3.083"/>
  <system-out/>
  <testcase classname="com.silvassaOfficer.testcases.ActivityLogs_023" name="click1D_Button" time="0.490"/>
  <system-out/>
  <testcase classname="com.silvassaOfficer.testcases.ActivityLogs_023" name="click1W_Button" time="5.463"/>
  <system-out/>
  <testcase classname="com.silvassaOfficer.testcases.ActivityLogs_023" name="click1M_Button" time="5.449"/>
  <system-out/>
  <testcase classname="com.silvassaOfficer.testcases.ActivityLogs_023" name="clickon_ActivityLogs_SelectRole_Again" time="3.805"/>
  <system-out/>
  <testcase classname="com.silvassaOfficer.testcases.ActivityLogs_023" name="clickon_ActivityLogs_SelectAttenderRole" time="3.649"/>
  <system-out/>
  <testcase classname="com.silvassaOfficer.testcases.ActivityLogs_023" name="clickon_ActivityLogs_SelectUser_Again" time="3.694"/>
  <system-out/>
  <testcase classname="com.silvassaOfficer.testcases.ActivityLogs_023" name="clickon_ActivityLogs_AlekhyaUser" time="3.164"/>
  <system-out/>
  <testcase classname="com.silvassaOfficer.testcases.ActivityLogs_023" name="clickon_ActivityLogs_AlekhyaUser_Calender" time="11.445"/>
  <system-out/>
</testsuite> <!-- com.silvassaOfficer.testcases.ActivityLogs_023 -->
