<?xml version="1.0" encoding="UTF-8"?>
<!-- Generated by org.testng.reporters.JUnitReportReporter -->
<testsuite hostname="iramtech-Vostro-3470" failures="0" tests="14" name="com.silvassaOfficer.testcases.Audit_Reserve_016" time="64.129" errors="0" timestamp="2024-08-01T15:38:52 IST" skipped="0">
  <testcase classname="com.silvassaOfficer.testcases.Audit_Reserve_016" name="login" time="5.541"/>
  <system-out/>
  <testcase classname="com.silvassaOfficer.testcases.Audit_Reserve_016" name="clickon_Menu" time="8.565"/>
  <system-out/>
  <testcase classname="com.silvassaOfficer.testcases.Audit_Reserve_016" name="clickon_AuditReservations_Page" time="3.986"/>
  <system-out/>
  <testcase classname="com.silvassaOfficer.testcases.Audit_Reserve_016" name="clickOn_SitesDropDownList" time="8.256"/>
  <system-out/>
  <testcase classname="com.silvassaOfficer.testcases.Audit_Reserve_016" name="clickOn_TransType" time="5.445"/>
  <system-out/>
  <testcase classname="com.silvassaOfficer.testcases.Audit_Reserve_016" name="select_Reservations" time="5.840"/>
  <system-out/>
  <testcase classname="com.silvassaOfficer.testcases.Audit_Reserve_016" name="click1D_Button_AuditReserve" time="2.377"/>
  <system-out/>
  <testcase classname="com.silvassaOfficer.testcases.Audit_Reserve_016" name="click1W_Button_AuditReserve" time="2.388"/>
  <system-out/>
  <testcase classname="com.silvassaOfficer.testcases.Audit_Reserve_016" name="click1M_Button_AuditReserve" time="2.392"/>
  <system-out/>
  <testcase classname="com.silvassaOfficer.testcases.Audit_Reserve_016" name="clickOn_TransType_ToSelectPass" time="6.397"/>
  <system-out/>
  <testcase classname="com.silvassaOfficer.testcases.Audit_Reserve_016" name="select_Passes" time="5.832"/>
  <system-out/>
  <testcase classname="com.silvassaOfficer.testcases.Audit_Reserve_016" name="click1W_Button_AuditPass" time="2.375"/>
  <system-out/>
  <testcase classname="com.silvassaOfficer.testcases.Audit_Reserve_016" name="click1D_Button_AuditPass" time="2.373"/>
  <system-out/>
  <testcase classname="com.silvassaOfficer.testcases.Audit_Reserve_016" name="click1M_Button_AuditPass" time="2.362"/>
  <system-out/>
</testsuite> <!-- com.silvassaOfficer.testcases.Audit_Reserve_016 -->
