<?xml version="1.0" encoding="UTF-8"?>
<!-- Generated by org.testng.reporters.JUnitReportReporter -->
<testsuite hostname="iramtech-Vostro-3470" failures="1" tests="16" name="com.silvassaOfficer.testcases.TC_Dashboard_Revenue_001" time="106.663" errors="0" timestamp="2024-08-14T16:17:30 IST" skipped="0">
  <testcase classname="com.silvassaOfficer.testcases.TC_Dashboard_Revenue_001" name="tearDownSuite" time="5.356">
    <failure message="Failed to Logout from the application:An unknown server-side error occurred while processing the command. Original error: &#039;POST /element&#039; cannot be proxied to UiAutomator2 server because the instrumentation process is not running (probably crashed). Check the server log and/or the logcat output for more details
Build info: version: &#039;4.9.1&#039;, revision: &#039;eb2032df7f&#039;
System info: os.name: &#039;Linux&#039;, os.arch: &#039;amd64&#039;, os.version: &#039;6.5.0-28-generic&#039;, java.version: &#039;18.0.2-ea&#039;
Driver info: io.appium.java_client.android.AndroidDriver
Command: [b80eb43e-a6ca-4bc9-8e50-e1523a258053, findElement {using=xpath, value=//hierarchy/android.widget.FrameLayout/android.widget.LinearLayout/android.widget.FrameLayout/android.widget.LinearLayout/android.widget.FrameLayout/android.widget.RelativeLayout/android.webkit.WebView/android.webkit.WebView/android.view.View/android.view.View[1]/android.widget.ListView/android.view.View[2]/android.widget.Button}]
Capabilities {appium:appActivity: com.iramtech.silvassa_offic..., appium:appPackage: com.iramtech.silvassa_officer, appium:automationName: UiAutomator2, appium:databaseEnabled: false, appium:desired: {appActivity: com.iramtech.silvassa_offic..., appPackage: com.iramtech.silvassa_officer, automationName: UiAutomator2, deviceName: moto e13 , noReset: true, platformName: ANDROID, platformVersion: 13.0, testOnly: false}, appium:deviceApiLevel: 33, appium:deviceManufacturer: motorola, appium:deviceModel: moto e13, appium:deviceName: ZD22293992, appium:deviceScreenDensity: 280, appium:deviceScreenSize: 720x1600, appium:deviceUDID: ZD22293992, appium:javascriptEnabled: true, appium:locationContextEnabled: false, appium:networkConnectionEnabled: true, appium:noReset: true, appium:pixelRatio: 1.75, appium:platformVersion: 13, appium:statBarHeight: 42, appium:takesScreenshot: true, appium:testOnly: false, appium:viewportRect: {height: 1558, left: 0, top: 42, width: 720}, appium:warnings: {}, appium:webStorageEnabled: false, platformName: ANDROID}
Session ID: b80eb43e-a6ca-4bc9-8e50-e1523a258053 expected [true] but found [false]" type="java.lang.AssertionError">
      <![CDATA[java.lang.AssertionError: Failed to Logout from the application:An unknown server-side error occurred while processing the command. Original error: 'POST /element' cannot be proxied to UiAutomator2 server because the instrumentation process is not running (probably crashed). Check the server log and/or the logcat output for more details
Build info: version: '4.9.1', revision: 'eb2032df7f'
System info: os.name: 'Linux', os.arch: 'amd64', os.version: '6.5.0-28-generic', java.version: '18.0.2-ea'
Driver info: io.appium.java_client.android.AndroidDriver
Command: [b80eb43e-a6ca-4bc9-8e50-e1523a258053, findElement {using=xpath, value=//hierarchy/android.widget.FrameLayout/android.widget.LinearLayout/android.widget.FrameLayout/android.widget.LinearLayout/android.widget.FrameLayout/android.widget.RelativeLayout/android.webkit.WebView/android.webkit.WebView/android.view.View/android.view.View[1]/android.widget.ListView/android.view.View[2]/android.widget.Button}]
Capabilities {appium:appActivity: com.iramtech.silvassa_offic..., appium:appPackage: com.iramtech.silvassa_officer, appium:automationName: UiAutomator2, appium:databaseEnabled: false, appium:desired: {appActivity: com.iramtech.silvassa_offic..., appPackage: com.iramtech.silvassa_officer, automationName: UiAutomator2, deviceName: moto e13 , noReset: true, platformName: ANDROID, platformVersion: 13.0, testOnly: false}, appium:deviceApiLevel: 33, appium:deviceManufacturer: motorola, appium:deviceModel: moto e13, appium:deviceName: ZD22293992, appium:deviceScreenDensity: 280, appium:deviceScreenSize: 720x1600, appium:deviceUDID: ZD22293992, appium:javascriptEnabled: true, appium:locationContextEnabled: false, appium:networkConnectionEnabled: true, appium:noReset: true, appium:pixelRatio: 1.75, appium:platformVersion: 13, appium:statBarHeight: 42, appium:takesScreenshot: true, appium:testOnly: false, appium:viewportRect: {height: 1558, left: 0, top: 42, width: 720}, appium:warnings: {}, appium:webStorageEnabled: false, platformName: ANDROID}
Session ID: b80eb43e-a6ca-4bc9-8e50-e1523a258053 expected [true] but found [false]
at org.testng.Assert.fail(Assert.java:110)
at org.testng.Assert.failNotEquals(Assert.java:1413)
at org.testng.Assert.assertTrue(Assert.java:56)
at com.silvassaOfficer.testcases.Basetest.tearDownSuite(BaseTest.java:153)
at com.silvassaOfficer.testcases.TC_LoginTest_001.tearDownSuite(TC_LoginTest_001.java:15)
at java.base/jdk.internal.reflect.DirectMethodHandleAccessor.invoke(DirectMethodHandleAccessor.java:104)
at java.base/java.lang.reflect.Method.invoke(Method.java:577)
at org.testng.internal.invokers.MethodInvocationHelper.invokeMethod(MethodInvocationHelper.java:139)
at org.testng.internal.invokers.MethodInvocationHelper.invokeMethodConsideringTimeout(MethodInvocationHelper.java:69)
at org.testng.internal.invokers.ConfigInvoker.invokeConfigurationMethod(ConfigInvoker.java:361)
at org.testng.internal.invokers.ConfigInvoker.invokeConfigurations(ConfigInvoker.java:296)
at org.testng.SuiteRunner.privateRun(SuiteRunner.java:400)
at org.testng.SuiteRunner.run(SuiteRunner.java:330)
at org.testng.SuiteRunnerWorker.runSuite(SuiteRunnerWorker.java:52)
at org.testng.SuiteRunnerWorker.run(SuiteRunnerWorker.java:95)
at org.testng.TestNG.runSuitesSequentially(TestNG.java:1256)
at org.testng.TestNG.runSuitesLocally(TestNG.java:1176)
at org.testng.TestNG.runSuites(TestNG.java:1099)
at org.testng.TestNG.run(TestNG.java:1067)
at org.apache.maven.surefire.testng.TestNGExecutor.run(TestNGExecutor.java:324)
at org.apache.maven.surefire.testng.TestNGXmlTestSuite.execute(TestNGXmlTestSuite.java:74)
at org.apache.maven.surefire.testng.TestNGProvider.invoke(TestNGProvider.java:123)
at org.apache.maven.surefire.booter.ForkedBooter.runSuitesInProcess(ForkedBooter.java:456)
at org.apache.maven.surefire.booter.ForkedBooter.execute(ForkedBooter.java:169)
at org.apache.maven.surefire.booter.ForkedBooter.run(ForkedBooter.java:595)
at org.apache.maven.surefire.booter.ForkedBooter.main(ForkedBooter.java:581)
]]>
    </failure>
  </testcase> <!-- tearDownSuite -->
  <system-out/>
  <testcase classname="com.silvassaOfficer.testcases.TC_Dashboard_Revenue_001" name="verify_Title" time="3.902"/>
  <system-out/>
  <testcase classname="com.silvassaOfficer.testcases.TC_Dashboard_Revenue_001" name="login" time="3.657"/>
  <system-out/>
  <testcase classname="com.silvassaOfficer.testcases.TC_Dashboard_Revenue_001" name="click1D_Button" time="6.799"/>
  <system-out/>
  <testcase classname="com.silvassaOfficer.testcases.TC_Dashboard_Revenue_001" name="get1D_Revenue" time="0.313"/>
  <system-out/>
  <testcase classname="com.silvassaOfficer.testcases.TC_Dashboard_Revenue_001" name="click1W_Button" time="6.502"/>
  <system-out/>
  <testcase classname="com.silvassaOfficer.testcases.TC_Dashboard_Revenue_001" name="click1M_Button" time="6.294"/>
  <system-out/>
  <testcase classname="com.silvassaOfficer.testcases.TC_Dashboard_Revenue_001" name="getSummaryDashoard_Cards" time="3.345"/>
  <system-out/>
  <testcase classname="com.silvassaOfficer.testcases.TC_Dashboard_Revenue_001" name="click_ShowEntries" time="5.207"/>
  <system-out/>
  <testcase classname="com.silvassaOfficer.testcases.TC_Dashboard_Revenue_001" name="scroll_Thepage" time="12.542"/>
  <system-out/>
  <testcase classname="com.silvassaOfficer.testcases.TC_Dashboard_Revenue_001" name="clickStart_EndDate" time="2.655"/>
  <system-out/>
  <testcase classname="com.silvassaOfficer.testcases.TC_Dashboard_Revenue_001" name="click_BackWard_ToSelect_StartDate" time="2.507"/>
  <system-out/>
  <testcase classname="com.silvassaOfficer.testcases.TC_Dashboard_Revenue_001" name="clickStart_Date" time="11.147"/>
  <system-out/>
  <testcase classname="com.silvassaOfficer.testcases.TC_Dashboard_Revenue_001" name="click_ForWard_ToSelect_EndDate" time="11.153"/>
  <system-out/>
  <testcase classname="com.silvassaOfficer.testcases.TC_Dashboard_Revenue_001" name="select_EndDate_ApplyBtn" time="10.159"/>
  <system-out/>
  <testcase classname="com.silvassaOfficer.testcases.TC_Dashboard_Revenue_001" name="click_ApplyBtn" time="15.125"/>
  <system-out/>
</testsuite> <!-- com.silvassaOfficer.testcases.TC_Dashboard_Revenue_001 -->
