<?xml version="1.0" encoding="UTF-8"?>
<!-- Generated by org.testng.reporters.JUnitReportReporter -->
<testsuite hostname="iramtech-Vostro-3470" failures="0" tests="2" name="com.silvassaOfficer.testcases.DeviceStatus_019" time="24.541" errors="0" timestamp="2024-08-01T15:38:52 IST" skipped="0">
  <testcase classname="com.silvassaOfficer.testcases.DeviceStatus_019" name="clickon_Menu_LiveInfo_DeviceStatus" time="12.636"/>
  <system-out/>
  <testcase classname="com.silvassaOfficer.testcases.DeviceStatus_019" name="selectDevices_List" time="11.905"/>
  <system-out/>
</testsuite> <!-- com.silvassaOfficer.testcases.DeviceStatus_019 -->
