<?xml version="1.0" encoding="UTF-8"?>
<!-- Generated by org.testng.reporters.JUnitReportReporter -->
<testsuite hostname="iramtech-Vostro-3470" failures="0" tests="4" name="com.silvassaOfficer.testcases.DeviceOverview_020" time="42.953" errors="0" timestamp="2024-08-01T15:38:52 IST" skipped="0">
  <testcase classname="com.silvassaOfficer.testcases.DeviceOverview_020" name="clickon_Menu_LiveInfo_DeviceOverView" time="7.907"/>
  <system-out/>
  <testcase classname="com.silvassaOfficer.testcases.DeviceOverview_020" name="deviceOverview_ZoomIn" time="3.769"/>
  <system-out/>
  <testcase classname="com.silvassaOfficer.testcases.DeviceOverview_020" name="deviceOverview_ZoomOut" time="3.618"/>
  <system-out/>
  <testcase classname="com.silvassaOfficer.testcases.DeviceOverview_020" name="hover_DeviceOverview_SiteLocationsMap" time="27.659"/>
  <system-out/>
</testsuite> <!-- com.silvassaOfficer.testcases.DeviceOverview_020 -->
