<?xml version="1.0" encoding="UTF-8"?>
<!DOCTYPE suite SYSTEM "https://testng.org/testng-1.0.dtd">
<suite name="Android_Silvassa_OfficerApp" verbose="1">
    <listeners>
        <listener class-name="com.silvassaOfficer.utilities.TestListener" />
    </listeners>
    <!-- <test name="Mobile App Launch">
        <classes>
            <class name="com.silvassaOfficer.testcases.LaunchApp" />
        </classes>
    </test> -->
    <test name="Dashboard Test">
        <classes>
            <class name="com.silvassaOfficer.testcases.TC_Dashboard_Revenue_001" />
            <class name="com.silvassaOfficer.testcases.TC_Dashboard_Occupancy_002" />
            <class name="com.silvassaOfficer.testcases.TC_DashboardSites_003" />
            <class name="com.silvassaOfficer.testcases.TC_DashboardDevices_004" />
            <class name="com.silvassaOfficer.testcases.TC_DashboardAlerts_005" />
        </classes>
    </test>
    <!-- <test name="Reports Analytics || Reservation Reports Test">
        <classes>
            <class name="com.silvassaOfficer.testcases.ReserveReports_006" />
        </classes>
    </test> -->
    <!-- <test name="Reports Analytics || POS Reports Test">
        <classes>
            <class name="com.silvassaOfficer.testcases.POSReports_Revenue_007" />
            <class name="com.silvassaOfficer.testcases.POSReports_Trans_008" />
            <class name="com.silvassaOfficer.testcases.POSReports_Attender_009" />
        </classes>
    </test> -->
    <!-- <test name="Reports Analytics || Site Reports Test">
        <classes>
            <class name="com.silvassaOfficer.testcases.SiteReports_Revenue_010" />
            <class name="com.silvassaOfficer.testcases.SiteReports_Device_011" />
            <class name="com.silvassaOfficer.testcases.SiteReports_Alerts_012" />
        </classes>
    </test> -->
    <!-- <test name="Reports Analytics || Site Analytics Reports Test">
        <classes>
            <class name="com.silvassaOfficer.testcases.SiteAnalytics_Duration_013" />
            <class name="com.silvassaOfficer.testcases.SiteAnalytics_TransFreq_014" />
            <class name="com.silvassaOfficer.testcases.SiteAnalytics_Occupancy_015" />
        </classes>
    </test> -->
    <!-- <test name="Reports Analytics || AuditTrail Reports Test">
        <classes>
            <class name="com.silvassaOfficer.testcases.Audit_Reserve_016" />
            <class name="com.silvassaOfficer.testcases.Audit_PosDevice_017" />
        </classes>
    </test> -->
    <!-- <test name="LiveInfo">
        <classes>
            <class name="com.silvassaOfficer.testcases.SiteStatus_018" />
            <class name="com.silvassaOfficer.testcases.DeviceStatus_019" />
            <class name="com.silvassaOfficer.testcases.DeviceOverview_020" />
            <class name="com.silvassaOfficer.testcases.LiveTransactions_021" />
        </classes>
    </test> -->
    <!-- <test name="AlarmsNotifications">
        <classes>
            <class name="com.silvassaOfficer.testcases.Alarms_Notifications_022" />
        </classes>
    </test> -->
    <!-- <test name="User Log || Activity Log">
        <classes>
            <class name="com.silvassaOfficer.testcases.ActivityLogs_023" />
            <class name="com.silvassaOfficer.testcases.AttenderLiveSessions_024" />
        </classes>
    </test> -->
    <!-- <test name="User Log || FeedBack/Complaint">
        <classes>
            <class name="com.silvassaOfficer.testcases.FeedbackComplaint_025" />
        </classes>
    </test> -->
    <!-- <test name="About test">
        <classes>
            <class name="com.silvassaOfficer.testcases.About_026" />
        </classes>
    </test> -->
</suite>